[debug] [2019-10-22T08:54:28.896Z] ----------------------------------------------------------------------
[debug] [2019-10-22T08:54:28.898Z] Command:       /usr/local/bin/node /usr/local/bin/firebase serve --only=hosting,functions
[debug] [2019-10-22T08:54:28.898Z] CLI Version:   7.5.0
[debug] [2019-10-22T08:54:28.899Z] Platform:      darwin
[debug] [2019-10-22T08:54:28.899Z] Node Version:  v10.15.0
[debug] [2019-10-22T08:54:28.900Z] Time:          Tue Oct 22 2019 16:54:28 GMT+0800 (Hong Kong Standard Time)
[debug] [2019-10-22T08:54:28.900Z] ----------------------------------------------------------------------
[debug] 
[debug] [2019-10-22T08:54:28.915Z] > command requires scopes: ["email","openid","https://www.googleapis.com/auth/cloudplatformprojects.readonly","https://www.googleapis.com/auth/firebase","https://www.googleapis.com/auth/cloud-platform"]
[debug] [2019-10-22T08:54:28.916Z] > authorizing via signed-in user
[debug] [2019-10-22T08:54:28.916Z] [iam] checking project ng6poc for permissions ["firebase.projects.get"]
[debug] [2019-10-22T08:54:28.918Z] > refreshing access token with scopes: ["email","https://www.googleapis.com/auth/cloud-platform","https://www.googleapis.com/auth/cloudplatformprojects.readonly","https://www.googleapis.com/auth/firebase","openid"]
[debug] [2019-10-22T08:54:28.919Z] >>> HTTP REQUEST POST https://www.googleapis.com/oauth2/v3/token  
 <request body omitted>
[debug] [2019-10-22T08:54:29.052Z] <<< HTTP RESPONSE 200
[debug] [2019-10-22T08:54:29.071Z] >>> HTTP REQUEST POST https://cloudresourcemanager.googleapis.com/v1/projects/ng6poc:testIamPermissions  

[debug] [2019-10-22T08:54:30.067Z] <<< HTTP RESPONSE 200
[debug] [2019-10-22T08:54:30.069Z] >>> HTTP REQUEST GET https://firebase.googleapis.com/v1beta1/projects/ng6poc  
 
[debug] [2019-10-22T08:54:30.726Z] <<< HTTP RESPONSE 200
[debug] [2019-10-22T08:54:30.735Z] >>> HTTP REQUEST GET https://firebase.googleapis.com/v1beta1/projects/ng6poc/webApps/-/config  
 
[debug] [2019-10-22T08:54:30.738Z] TypeError [ERR_INVALID_ARG_TYPE]: The "path" argument must be of type string. Received type undefined
    at assertPath (path.js:39:11)
    at Object.join (path.js:1152:7)
    at new FunctionsEmulator (/usr/local/lib/node_modules/firebase-tools/lib/emulator/functionsEmulator.js:42:34)
    at Object.<anonymous> (/usr/local/lib/node_modules/firebase-tools/lib/serve/functions.js:39:71)
    at Generator.next (<anonymous>)
    at /usr/local/lib/node_modules/firebase-tools/lib/serve/functions.js:7:71
    at new Promise (<anonymous>)
    at __awaiter (/usr/local/lib/node_modules/firebase-tools/lib/serve/functions.js:3:12)
    at Object.start (/usr/local/lib/node_modules/firebase-tools/lib/serve/functions.js:16:16)
    at /usr/local/lib/node_modules/firebase-tools/lib/serve/index.js:15:23
[error] 
[error] Error: An unexpected error has occurred.
